  Laba_10.cpp
C:\Lab\Laba_10\Laba_10.cpp(11,40): error C2760: синтаксическая ошибка: непредвиденный элемент ",". Ожидается "]"
C:\Lab\Laba_10\Laba_10.cpp(11,42): error C2144: синтаксическая ошибка: перед "char" требуется ";"
C:\Lab\Laba_10\Laba_10.cpp(11,52): error C2143: синтаксическая ошибка: отсутствие ";" перед "]"
C:\Lab\Laba_10\Laba_10.cpp(12,19): error C2065: top_element: необъявленный идентификатор
C:\Lab\Laba_10\Laba_10.cpp(13,6): error C2182: "TopToTop": недопустимое использование "void"
C:\Lab\Laba_10\Laba_10.cpp(13,23): error C2065: stack1: необъявленный идентификатор
C:\Lab\Laba_10\Laba_10.cpp(13,39): error C2065: stack2: необъявленный идентификатор
C:\Lab\Laba_10\Laba_10.cpp(14,6): error C2143: синтаксическая ошибка: отсутствие ";" перед "*"
C:\Lab\Laba_10\Laba_10.cpp(14,6): error C4430: отсутствует спецификатор типа - предполагается int. Примечание. C++ не поддерживает int по умолчанию
C:\Lab\Laba_10\Laba_10.cpp(14,1): error C2040: Stack: "int" отличается по уровням косвенного обращения от "Stack []"
C:\Lab\Laba_10\Laba_10.cpp(14,26): error C4430: отсутствует спецификатор типа - предполагается int. Примечание. C++ не поддерживает int по умолчанию
C:\Lab\Laba_10\Laba_10.cpp(14,28): error C2065: stack: необъявленный идентификатор
C:\Lab\Laba_10\Laba_10.cpp(14,35): error C2062: тип "char" не требуется
C:\Lab\Laba_10\Laba_10.cpp(16,6): error C2182: "Output_Stack": недопустимое использование "void"
C:\Lab\Laba_10\Laba_10.cpp(16,27): error C2065: stack: необъявленный идентификатор
C:\Lab\Laba_10\Laba_10.cpp(17,6): error C2143: синтаксическая ошибка: отсутствие ";" перед "*"
C:\Lab\Laba_10\Laba_10.cpp(17,6): error C4430: отсутствует спецификатор типа - предполагается int. Примечание. C++ не поддерживает int по умолчанию
C:\Lab\Laba_10\Laba_10.cpp(17,1): error C2040: Stack: "int" отличается по уровням косвенного обращения от "Stack []"
C:\Lab\Laba_10\Laba_10.cpp(17,24): error C4430: отсутствует спецификатор типа - предполагается int. Примечание. C++ не поддерживает int по умолчанию
C:\Lab\Laba_10\Laba_10.cpp(17,26): error C2065: stack: необъявленный идентификатор
C:\Lab\Laba_10\Laba_10.cpp(20,12): error C4430: отсутствует спецификатор типа - предполагается int. Примечание. C++ не поддерживает int по умолчанию
C:\Lab\Laba_10\Laba_10.cpp(20,1): error C2040: Stack: "int" отличается по уровням косвенного обращения от "Stack []"
C:\Lab\Laba_10\Laba_10.cpp(20,7): error C2146: синтаксическая ошибка: отсутствие ";" перед идентификатором "Stack"
C:\Lab\Laba_10\Laba_10.cpp(21,1): error C2143: синтаксическая ошибка: отсутствие ";" перед "{"
C:\Lab\Laba_10\Laba_10.cpp(21,1): error C2447: {: отсутствует заголовок функции (возможно, используется формальный список старого типа)
C:\Lab\Laba_10\Laba_10.cpp(29,7): error C2374: pop: переопределение; множественная инициализация
C:\Lab\Laba_10\Laba_10.cpp(12): message : см. объявление "pop"
C:\Lab\Laba_10\Laba_10.cpp(29,19): error C2065: top_element: необъявленный идентификатор
C:\Lab\Laba_10\Laba_10.cpp(30,1): error C2143: синтаксическая ошибка: отсутствие ";" перед "{"
C:\Lab\Laba_10\Laba_10.cpp(30,1): error C2447: {: отсутствует заголовок функции (возможно, используется формальный список старого типа)
C:\Lab\Laba_10\Laba_10.cpp(40,6): error C2182: "TopToTop": недопустимое использование "void"
C:\Lab\Laba_10\Laba_10.cpp(40,6): error C2374: TopToTop: переопределение; множественная инициализация
C:\Lab\Laba_10\Laba_10.cpp(13): message : см. объявление "TopToTop"
C:\Lab\Laba_10\Laba_10.cpp(40,23): error C2065: stack1: необъявленный идентификатор
C:\Lab\Laba_10\Laba_10.cpp(40,39): error C2065: stack2: необъявленный идентификатор
C:\Lab\Laba_10\Laba_10.cpp(41,1): error C2143: синтаксическая ошибка: отсутствие ";" перед "{"
C:\Lab\Laba_10\Laba_10.cpp(41,1): error C2447: {: отсутствует заголовок функции (возможно, используется формальный список старого типа)
C:\Lab\Laba_10\Laba_10.cpp(52,6): error C2143: синтаксическая ошибка: отсутствие ";" перед "*"
C:\Lab\Laba_10\Laba_10.cpp(52,6): error C4430: отсутствует спецификатор типа - предполагается int. Примечание. C++ не поддерживает int по умолчанию
C:\Lab\Laba_10\Laba_10.cpp(52,1): error C2040: Stack: "int" отличается по уровням косвенного обращения от "Stack []"
C:\Lab\Laba_10\Laba_10.cpp(52,26): error C4430: отсутствует спецификатор типа - предполагается int. Примечание. C++ не поддерживает int по умолчанию
C:\Lab\Laba_10\Laba_10.cpp(52,8): error C2374: Create_Stack: переопределение; множественная инициализация
C:\Lab\Laba_10\Laba_10.cpp(14): message : см. объявление "Create_Stack"
C:\Lab\Laba_10\Laba_10.cpp(52,28): error C2065: stack: необъявленный идентификатор
C:\Lab\Laba_10\Laba_10.cpp(52,35): error C2062: тип "char" не требуется
C:\Lab\Laba_10\Laba_10.cpp(53,1): error C2143: синтаксическая ошибка: отсутствие ";" перед "{"
C:\Lab\Laba_10\Laba_10.cpp(53,1): error C2447: {: отсутствует заголовок функции (возможно, используется формальный список старого типа)
C:\Lab\Laba_10\Laba_10.cpp(79,6): error C2182: "Output_Stack": недопустимое использование "void"
C:\Lab\Laba_10\Laba_10.cpp(79,6): error C2374: Output_Stack: переопределение; множественная инициализация
C:\Lab\Laba_10\Laba_10.cpp(16): message : см. объявление "Output_Stack"
C:\Lab\Laba_10\Laba_10.cpp(79,27): error C2065: stack: необъявленный идентификатор
C:\Lab\Laba_10\Laba_10.cpp(80,1): error C2143: синтаксическая ошибка: отсутствие ";" перед "{"
C:\Lab\Laba_10\Laba_10.cpp(80,1): error C2447: {: отсутствует заголовок функции (возможно, используется формальный список старого типа)
C:\Lab\Laba_10\Laba_10.cpp(106,6): error C2143: синтаксическая ошибка: отсутствие ";" перед "*"
C:\Lab\Laba_10\Laba_10.cpp(106,6): error C4430: отсутствует спецификатор типа - предполагается int. Примечание. C++ не поддерживает int по умолчанию
C:\Lab\Laba_10\Laba_10.cpp(106,1): error C2040: Stack: "int" отличается по уровням косвенного обращения от "Stack []"
C:\Lab\Laba_10\Laba_10.cpp(106,24): error C4430: отсутствует спецификатор типа - предполагается int. Примечание. C++ не поддерживает int по умолчанию
C:\Lab\Laba_10\Laba_10.cpp(106,8): error C2374: ClearStack: переопределение; множественная инициализация
C:\Lab\Laba_10\Laba_10.cpp(17): message : см. объявление "ClearStack"
C:\Lab\Laba_10\Laba_10.cpp(106,26): error C2065: stack: необъявленный идентификатор
C:\Lab\Laba_10\Laba_10.cpp(107,1): error C2059: синтаксическая ошибка: {
C:\Lab\Laba_10\Laba_10.cpp(107,1): error C2143: синтаксическая ошибка: отсутствие ";" перед "{"
C:\Lab\Laba_10\Laba_10.cpp(107,1): error C2447: {: отсутствует заголовок функции (возможно, используется формальный список старого типа)
C:\Lab\Laba_10\Laba_10.cpp(122,12): error C4430: отсутствует спецификатор типа - предполагается int. Примечание. C++ не поддерживает int по умолчанию
C:\Lab\Laba_10\Laba_10.cpp(122,1): error C2040: Stack: "int" отличается по уровням косвенного обращения от "Stack []"
C:\Lab\Laba_10\Laba_10.cpp(122,7): error C2146: синтаксическая ошибка: отсутствие ";" перед идентификатором "Stack"
C:\Lab\Laba_10\Laba_10.cpp(123,1): error C2143: синтаксическая ошибка: отсутствие ";" перед "{"
C:\Lab\Laba_10\Laba_10.cpp(123,1): error C2447: {: отсутствует заголовок функции (возможно, используется формальный список старого типа)
C:\Lab\Laba_10\Laba_10.cpp(178,9): error C2065: stack_One: необъявленный идентификатор
C:\Lab\Laba_10\Laba_10.cpp(178,29): error C2065: stack_Two: необъявленный идентификатор
C:\Lab\Laba_10\Laba_10.cpp(178,49): error C2065: stac_Solution: необъявленный идентификатор
C:\Lab\Laba_10\Laba_10.cpp(194,8): error C2065: stack_One: необъявленный идентификатор
C:\Lab\Laba_10\Laba_10.cpp(194,21): error C2065: stack_Two: необъявленный идентификатор
C:\Lab\Laba_10\Laba_10.cpp(199,4): error C2065: stack_One: необъявленный идентификатор
C:\Lab\Laba_10\Laba_10.cpp(199,29): error C2065: stack_One: необъявленный идентификатор
C:\Lab\Laba_10\Laba_10.cpp(200,4): error C2065: stack_Two: необъявленный идентификатор
C:\Lab\Laba_10\Laba_10.cpp(200,29): error C2065: stack_Two: необъявленный идентификатор
C:\Lab\Laba_10\Laba_10.cpp(204,17): error C2065: stack_One: необъявленный идентификатор
C:\Lab\Laba_10\Laba_10.cpp(206,17): error C2065: stack_Two: необъявленный идентификатор
C:\Lab\Laba_10\Laba_10.cpp(208,17): error C2065: stac_Solution: необъявленный идентификатор
C:\Lab\Laba_10\Laba_10.cpp(211,4): error C2065: stack_One: необъявленный идентификатор
C:\Lab\Laba_10\Laba_10.cpp(211,27): error C2065: stack_One: необъявленный идентификатор
C:\Lab\Laba_10\Laba_10.cpp(212,4): error C2065: stack_Two: необъявленный идентификатор
C:\Lab\Laba_10\Laba_10.cpp(212,27): error C2065: stack_Two: необъявленный идентификатор
C:\Lab\Laba_10\Laba_10.cpp(213,4): error C2065: stac_Solution: необъявленный идентификатор
C:\Lab\Laba_10\Laba_10.cpp(214,16): error C2065: stac_Solution: необъявленный идентификатор
C:\Lab\Laba_10\Laba_10.cpp(218,4): error C2065: stac_Solution: необъявленный идентификатор
C:\Lab\Laba_10\Laba_10.cpp(218,30): error C2065: stack_One: необъявленный идентификатор
C:\Lab\Laba_10\Laba_10.cpp(218,42): error C2065: stack_Two: необъявленный идентификатор
C:\Lab\Laba_10\Laba_10.cpp(218,53): error C2065: stac_Solution: необъявленный идентификатор
C:\Lab\Laba_10\Laba_10.cpp(218,20): error C3861: Solution: идентификатор не найден
